[2024-03-16 20:47:43,761: INFO: common: yaml file: config\config.yaml loaded successfully]
[2024-03-16 20:47:43,763: INFO: common: yaml file: params.yaml loaded successfully]
[2024-03-16 20:51:57,058: INFO: common: yaml file: config\config.yaml loaded successfully]
[2024-03-16 20:51:57,059: INFO: common: yaml file: params.yaml loaded successfully]
[2024-03-16 21:05:34,457: INFO: common: yaml file: C:\Users\dixit\Desktop\MLOPS\config\config.yaml loaded successfully]
[2024-03-16 21:05:34,459: INFO: common: yaml file: C:\Users\dixit\Desktop\MLOPS\params.yaml loaded successfully]
[2024-03-16 21:09:32,541: INFO: common: yaml file: C:\Users\dixit\Desktop\MLOPS\config\config.yaml loaded successfully]
[2024-03-16 21:09:32,543: INFO: common: yaml file: C:\Users\dixit\Desktop\MLOPS\params.yaml loaded successfully]
[2024-03-16 21:13:03,397: INFO: common: yaml file: C:\Users\dixit\Desktop\MLOPS\config\config.yaml loaded successfully]
[2024-03-16 21:13:03,399: INFO: common: yaml file: C:\Users\dixit\Desktop\MLOPS\params.yaml loaded successfully]
[2024-03-16 21:13:13,946: INFO: common: yaml file: C:\Users\dixit\Desktop\MLOPS\config\config.yaml loaded successfully]
[2024-03-16 21:13:13,948: INFO: common: yaml file: C:\Users\dixit\Desktop\MLOPS\params.yaml loaded successfully]
[2024-03-16 21:13:53,307: INFO: common: yaml file: C:\Users\dixit\Desktop\MLOPS\config\config.yaml loaded successfully]
[2024-03-16 21:13:53,313: INFO: common: yaml file: C:\Users\dixit\Desktop\MLOPS\params.yaml loaded successfully]
[2024-03-16 21:13:53,315: INFO: common: created directory at: artifacts]
[2024-03-16 21:13:53,317: INFO: common: created directory at: artifacts/data_ingestion]
[2024-03-16 21:13:53,318: INFO: 2712413423: Downloading data from https://drive.google.com/file/d/1sBCJ41PFRUUGMRs6b9eh1q7fQp4-1Yc5/view?usp=sharing into file artifacts/data_ingestion/data.zip]
[2024-03-16 21:14:40,387: INFO: 2712413423: Downloaded data from https://drive.google.com/file/d/1sBCJ41PFRUUGMRs6b9eh1q7fQp4-1Yc5/view?usp=sharing into file artifacts/data_ingestion/data.zip]
[2024-03-16 21:19:35,716: INFO: common: yaml file: C:\Users\dixit\Desktop\MLOPS\config\config.yaml loaded successfully]
[2024-03-16 21:19:35,718: INFO: common: yaml file: C:\Users\dixit\Desktop\MLOPS\params.yaml loaded successfully]
[2024-03-16 21:19:35,719: INFO: common: created directory at: artifacts]
[2024-03-16 21:19:35,719: INFO: common: created directory at: artifacts/data_ingestion]
[2024-03-16 21:19:35,720: INFO: 2712413423: Downloading data from https://drive.google.com/file/d/1sBCJ41PFRUUGMRs6b9eh1q7fQp4-1Yc5/view?usp=sharing into file artifacts/data_ingestion/data.zip]
[2024-03-16 21:20:28,737: INFO: 2712413423: Downloaded data from https://drive.google.com/file/d/1sBCJ41PFRUUGMRs6b9eh1q7fQp4-1Yc5/view?usp=sharing into file artifacts/data_ingestion/data.zip]
[2024-03-16 21:22:15,230: INFO: common: yaml file: C:\Users\dixit\Desktop\MLOPS\config\config.yaml loaded successfully]
[2024-03-16 21:22:15,232: INFO: common: yaml file: C:\Users\dixit\Desktop\MLOPS\params.yaml loaded successfully]
[2024-03-16 21:22:15,233: INFO: common: created directory at: artifacts]
[2024-03-16 21:22:15,234: INFO: common: created directory at: artifacts/data_ingestion]
[2024-03-16 21:22:15,235: INFO: 2712413423: Downloading data from https://drive.google.com/file/d/1sBCJ41PFRUUGMRs6b9eh1q7fQp4-1Yc5/view?usp=sharing into file artifacts/data_ingestion/data.zip]
[2024-03-16 21:22:49,236: INFO: 2712413423: Downloaded data from https://drive.google.com/file/d/1sBCJ41PFRUUGMRs6b9eh1q7fQp4-1Yc5/view?usp=sharing into file artifacts/data_ingestion/data.zip]
[2024-03-16 22:16:17,622: INFO: main: >>>>>> stage Data Ingestion stage started <<<<<<]
[2024-03-16 22:16:17,623: INFO: common: yaml file: C:\Users\dixit\Desktop\MLOPS\config\config.yaml loaded successfully]
[2024-03-16 22:16:17,624: INFO: common: yaml file: C:\Users\dixit\Desktop\MLOPS\params.yaml loaded successfully]
[2024-03-16 22:16:17,625: INFO: common: created directory at: artifacts]
[2024-03-16 22:16:17,625: INFO: common: created directory at: artifacts/data_ingestion]
[2024-03-16 22:16:17,625: INFO: data_ingestion: Downloading data from https://drive.google.com/file/d/1sBCJ41PFRUUGMRs6b9eh1q7fQp4-1Yc5/view?usp=sharing into file artifacts/data_ingestion/data.zip]
[2024-03-16 22:17:39,211: INFO: data_ingestion: Downloaded data from https://drive.google.com/file/d/1sBCJ41PFRUUGMRs6b9eh1q7fQp4-1Yc5/view?usp=sharing into file artifacts/data_ingestion/data.zip]
[2024-03-16 22:17:46,201: INFO: main: >>>>>> stage Data Ingestion stage completed <<<<<<

x==========x]
[2024-03-16 22:25:23,651: INFO: common: yaml file: C:\Users\dixit\Desktop\MLOPS\config\config.yaml loaded successfully]
[2024-03-16 22:25:23,658: INFO: common: yaml file: C:\Users\dixit\Desktop\MLOPS\params.yaml loaded successfully]
[2024-03-16 22:25:23,659: INFO: common: created directory at: artifacts]
[2024-03-16 22:25:23,660: INFO: common: created directory at: artifacts/prepare_base_model]
[2024-03-16 22:25:31,125: WARNING: saving_utils: Compiled the loaded model, but the compiled metrics have yet to be built. `model.compile_metrics` will be empty until you train or evaluate the model.]
[2024-03-18 02:03:35,290: INFO: main: >>>>>> stage Data Ingestion stage started <<<<<<]
[2024-03-18 02:03:35,296: INFO: common: yaml file: C:\Users\dixit\Desktop\MLOPS\config\config.yaml loaded successfully]
[2024-03-18 02:03:35,302: INFO: common: yaml file: C:\Users\dixit\Desktop\MLOPS\params.yaml loaded successfully]
[2024-03-18 02:03:35,302: INFO: common: created directory at: artifacts]
[2024-03-18 02:03:35,303: INFO: common: created directory at: artifacts/data_ingestion]
[2024-03-18 02:03:35,303: INFO: data_ingestion: Downloading data from https://drive.google.com/file/d/1sBCJ41PFRUUGMRs6b9eh1q7fQp4-1Yc5/view?usp=sharing into file artifacts/data_ingestion/data.zip]
[2024-03-18 02:04:40,596: INFO: data_ingestion: Downloaded data from https://drive.google.com/file/d/1sBCJ41PFRUUGMRs6b9eh1q7fQp4-1Yc5/view?usp=sharing into file artifacts/data_ingestion/data.zip]
[2024-03-18 02:04:48,286: INFO: main: >>>>>> stage Data Ingestion stage completed <<<<<<

x==========x]
[2024-03-18 02:04:48,286: INFO: main: >>>>>stageBase Model stage started<<<<<<<<]
[2024-03-18 02:04:48,288: INFO: common: yaml file: C:\Users\dixit\Desktop\MLOPS\config\config.yaml loaded successfully]
[2024-03-18 02:04:48,289: INFO: common: yaml file: C:\Users\dixit\Desktop\MLOPS\params.yaml loaded successfully]
[2024-03-18 02:04:48,289: INFO: common: created directory at: artifacts]
[2024-03-18 02:04:48,290: INFO: common: created directory at: artifacts/prepare_base_model]
[2024-03-18 02:04:48,634: WARNING: saving_utils: Compiled the loaded model, but the compiled metrics have yet to be built. `model.compile_metrics` will be empty until you train or evaluate the model.]
[2024-03-18 02:04:48,830: INFO: main: >>>>>>>>>stageBase Model stage completed <<<<<<<<<<

x=============x]
